<?xml version="1.0" encoding="UTF-8"?>
<!-- Generated by org.testng.reporters.JUnitReportReporter -->
<testsuite hostname="thundera" failures="0" tests="6" name="casosdetestes.CT004_Finalizar_Compra" time="29.042" errors="0" timestamp="2023-12-19T07:33:42 GMT-03:00" skipped="0">
  <testcase classname="casosdetestes.CT004_Finalizar_Compra" name="logar" time="5.113"/>
  <system-out/>
  <testcase classname="casosdetestes.CT004_Finalizar_Compra" name="coletarInformacao" time="2.158"/>
  <system-out/>
  <testcase classname="casosdetestes.CT004_Finalizar_Compra" name="selecionarProduto" time="4.175"/>
  <system-out/>
  <testcase classname="casosdetestes.CT004_Finalizar_Compra" name="fazerChekout" time="11.126"/>
  <system-out/>
  <testcase classname="casosdetestes.CT004_Finalizar_Compra" name="finalizarCompra" time="4.344"/>
  <system-out/>
  <testcase classname="casosdetestes.CT004_Finalizar_Compra" name="deslogar" time="2.126"/>
  <system-out/>
</testsuite> <!-- casosdetestes.CT004_Finalizar_Compra -->
