<?xml version="1.0" encoding="UTF-8"?>
<!-- Generated by org.testng.reporters.JUnitReportReporter -->
<testsuite hostname="thundera" failures="0" tests="3" name="casosdetestes.CT001_Validar_Login" time="9.958" errors="0" timestamp="2023-12-19T07:31:28 GMT-03:00" skipped="0">
  <testcase classname="casosdetestes.CT001_Validar_Login" name="logar" time="5.805"/>
  <system-out/>
  <testcase classname="casosdetestes.CT001_Validar_Login" name="coletarInformacao" time="2.075"/>
  <system-out/>
  <testcase classname="casosdetestes.CT001_Validar_Login" name="deslogar" time="2.078"/>
  <system-out/>
</testsuite> <!-- casosdetestes.CT001_Validar_Login -->
