<?xml version="1.0" encoding="UTF-8"?>
<!-- Generated by org.testng.reporters.JUnitReportReporter -->
<testsuite hostname="thundera" failures="0" tests="6" name="casosdetestes.CT_Finalizar_Compra" time="28.829" errors="0" timestamp="2023-12-19T06:47:10 GMT-03:00" skipped="0">
  <testcase classname="casosdetestes.CT_Finalizar_Compra" name="logar" time="4.910"/>
  <system-out/>
  <testcase classname="casosdetestes.CT_Finalizar_Compra" name="coletarInformacao" time="2.079"/>
  <system-out/>
  <testcase classname="casosdetestes.CT_Finalizar_Compra" name="selecionarProduto" time="4.194"/>
  <system-out/>
  <testcase classname="casosdetestes.CT_Finalizar_Compra" name="fazerChekout" time="10.693"/>
  <system-out/>
  <testcase classname="casosdetestes.CT_Finalizar_Compra" name="finalizarCompra" time="4.684"/>
  <system-out/>
  <testcase classname="casosdetestes.CT_Finalizar_Compra" name="deslogar" time="2.269"/>
  <system-out/>
</testsuite> <!-- casosdetestes.CT_Finalizar_Compra -->
