<?xml version="1.0" encoding="UTF-8"?>
<!-- Generated by org.testng.reporters.JUnitReportReporter -->
<testsuite hostname="thundera" failures="0" tests="4" name="casosdetestes.CT002_Selecionar_Produto" time="14.853" errors="0" timestamp="2023-12-19T07:31:50 GMT-03:00" skipped="0">
  <testcase classname="casosdetestes.CT002_Selecionar_Produto" name="logar" time="5.393"/>
  <system-out/>
  <testcase classname="casosdetestes.CT002_Selecionar_Produto" name="coletarInformacao" time="2.097"/>
  <system-out/>
  <testcase classname="casosdetestes.CT002_Selecionar_Produto" name="selecionarProduto" time="5.278"/>
  <system-out/>
  <testcase classname="casosdetestes.CT002_Selecionar_Produto" name="deslogar" time="2.085"/>
  <system-out/>
</testsuite> <!-- casosdetestes.CT002_Selecionar_Produto -->
