<?xml version="1.0" encoding="UTF-8"?>
<!-- Generated by org.testng.reporters.JUnitReportReporter -->
<testsuite hostname="thundera" failures="0" tests="5" name="casosdetestes.CT003_Fazer_Checkout" time="27.318" errors="0" timestamp="2023-12-19T07:32:25 GMT-03:00" skipped="0">
  <testcase classname="casosdetestes.CT003_Fazer_Checkout" name="logar" time="8.033"/>
  <system-out/>
  <testcase classname="casosdetestes.CT003_Fazer_Checkout" name="coletarInformacao" time="2.150"/>
  <system-out/>
  <testcase classname="casosdetestes.CT003_Fazer_Checkout" name="selecionarProduto" time="4.317"/>
  <system-out/>
  <testcase classname="casosdetestes.CT003_Fazer_Checkout" name="fazerChekout" time="10.658"/>
  <system-out/>
  <testcase classname="casosdetestes.CT003_Fazer_Checkout" name="deslogar" time="2.160"/>
  <system-out/>
</testsuite> <!-- casosdetestes.CT003_Fazer_Checkout -->
