<?xml version="1.0" encoding="UTF-8"?>
<!-- Generated by org.testng.reporters.JUnitReportReporter -->
<testsuite hostname="thundera" failures="0" tests="4" name="casosdetestes.CT_Selecionar_Produto" time="13.886" errors="0" timestamp="2023-12-19T06:48:18 GMT-03:00" skipped="0">
  <testcase classname="casosdetestes.CT_Selecionar_Produto" name="logar" time="4.408"/>
  <system-out/>
  <testcase classname="casosdetestes.CT_Selecionar_Produto" name="coletarInformacao" time="2.087"/>
  <system-out/>
  <testcase classname="casosdetestes.CT_Selecionar_Produto" name="selecionarProduto" time="5.267"/>
  <system-out/>
  <testcase classname="casosdetestes.CT_Selecionar_Produto" name="deslogar" time="2.124"/>
  <system-out/>
</testsuite> <!-- casosdetestes.CT_Selecionar_Produto -->
