<?xml version="1.0" encoding="UTF-8"?>
<!-- Generated by org.testng.reporters.JUnitReportReporter -->
<testsuite hostname="thundera" failures="0" tests="2" name="casosdetestes.CT001_Validar_Login_usuarios_invalidos" time="6.527" errors="0" timestamp="2023-12-25T13:09:01 GMT-03:00" skipped="0">
  <testcase classname="casosdetestes.CT001_Validar_Login_usuarios_invalidos" name="CT001_1_LogarcomUsuariosInvalidos" time="3.313"/>
  <system-out/>
  <testcase classname="casosdetestes.CT001_Validar_Login_usuarios_invalidos" name="CT001_2_LogarcomUsuariosNulos" time="3.214"/>
  <system-out/>
</testsuite> <!-- casosdetestes.CT001_Validar_Login_usuarios_invalidos -->
