<?xml version="1.0" encoding="UTF-8"?>
<!-- Generated by org.testng.reporters.JUnitReportReporter -->
<testsuite hostname="thundera" failures="0" tests="6" name="casosdetestes.CT004_Finalizar_Compra" time="33.975" errors="0" timestamp="2023-12-19T20:20:10 GMT-03:00" skipped="0">
  <testcase classname="casosdetestes.CT004_Finalizar_Compra" name="logar" time="7.610"/>
  <system-out/>
  <testcase classname="casosdetestes.CT004_Finalizar_Compra" name="coletarInformacao" time="2.094"/>
  <system-out/>
  <testcase classname="casosdetestes.CT004_Finalizar_Compra" name="selecionarProduto" time="4.381"/>
  <system-out/>
  <testcase classname="casosdetestes.CT004_Finalizar_Compra" name="fazerChekout" time="12.260"/>
  <system-out/>
  <testcase classname="casosdetestes.CT004_Finalizar_Compra" name="finalizarCompra" time="5.218"/>
  <system-out/>
  <testcase classname="casosdetestes.CT004_Finalizar_Compra" name="deslogar" time="2.412"/>
  <system-out/>
</testsuite> <!-- casosdetestes.CT004_Finalizar_Compra -->
