<?xml version="1.0" encoding="UTF-8"?>
<!-- Generated by org.testng.reporters.JUnitReportReporter -->
<testsuite hostname="thundera" failures="0" tests="3" name="casosdetestes.CT002_2_Remover_Produto_Carrinho" time="17.014" errors="0" timestamp="2023-12-25T16:39:09 GMT-03:00" skipped="0">
  <testcase classname="casosdetestes.CT002_2_Remover_Produto_Carrinho" name="CT002_2_1_ValidarLogin_Usuario_Valido" time="8.544"/>
  <system-out/>
  <testcase classname="casosdetestes.CT002_2_Remover_Produto_Carrinho" name="CT002_2_2_AdicionarProduto" time="5.359"/>
  <system-out/>
  <testcase classname="casosdetestes.CT002_2_Remover_Produto_Carrinho" name="CT002_2_2_RemoverProduto" time="3.111"/>
  <system-out/>
</testsuite> <!-- casosdetestes.CT002_2_Remover_Produto_Carrinho -->
