<?xml version="1.0" encoding="UTF-8"?>
<!-- Generated by org.testng.reporters.JUnitReportReporter -->
<testsuite hostname="thundera" failures="0" tests="3" name="casosdetestes.CT001_Validar_Login" time="8.985" errors="0" timestamp="2023-12-19T11:18:03 GMT-03:00" skipped="0">
  <testcase classname="casosdetestes.CT001_Validar_Login" name="logar" time="4.771"/>
  <system-out/>
  <testcase classname="casosdetestes.CT001_Validar_Login" name="coletarInformacao" time="2.097"/>
  <system-out/>
  <testcase classname="casosdetestes.CT001_Validar_Login" name="deslogar" time="2.117"/>
  <system-out/>
</testsuite> <!-- casosdetestes.CT001_Validar_Login -->
