<?xml version="1.0" encoding="UTF-8"?>
<!-- Generated by org.testng.reporters.JUnitReportReporter -->
<testsuite hostname="thundera" failures="0" tests="6" name="casosdetestes.UC_Validarlogin" time="38.097" errors="0" timestamp="2023-12-18T22:36:37 GMT-03:00" skipped="0">
  <testcase classname="casosdetestes.UC_Validarlogin" name="logar" time="4.910"/>
  <system-out/>
  <testcase classname="casosdetestes.UC_Validarlogin" name="coletarInformacao" time="3.088"/>
  <system-out/>
  <testcase classname="casosdetestes.UC_Validarlogin" name="selecionarProduto" time="6.231"/>
  <system-out/>
  <testcase classname="casosdetestes.UC_Validarlogin" name="fazerChekout" time="15.721"/>
  <system-out/>
  <testcase classname="casosdetestes.UC_Validarlogin" name="finalizarCompra" time="4.268"/>
  <system-out/>
  <testcase classname="casosdetestes.UC_Validarlogin" name="deslogar" time="3.879"/>
  <system-out/>
</testsuite> <!-- casosdetestes.UC_Validarlogin -->
