<?xml version="1.0" encoding="UTF-8"?>
<!-- Generated by org.testng.reporters.JUnitReportReporter -->
<testsuite hostname="thundera" failures="0" tests="3" name="casosdetestes.UC_Validarlogin2" time="11.989" errors="0" timestamp="2023-12-18T18:33:12 GMT-03:00" skipped="0">
  <testcase classname="casosdetestes.UC_Validarlogin2" name="logar" time="5.851"/>
  <system-out/>
  <testcase classname="casosdetestes.UC_Validarlogin2" name="coletarinformacao" time="3.041"/>
  <system-out/>
  <testcase classname="casosdetestes.UC_Validarlogin2" name="deslogar" time="3.097"/>
  <system-out/>
</testsuite> <!-- casosdetestes.UC_Validarlogin2 -->
