<?xml version="1.0" encoding="UTF-8"?>
<!-- Generated by org.testng.reporters.JUnitReportReporter -->
<testsuite hostname="thundera" failures="0" tests="3" name="casosdetestes.CT003_2_Validar_Campos_Checkout" time="30.465" errors="0" timestamp="2023-12-25T14:06:02 GMT-03:00" skipped="0">
  <testcase classname="casosdetestes.CT003_2_Validar_Campos_Checkout" name="logar" time="15.192"/>
  <system-out/>
  <testcase classname="casosdetestes.CT003_2_Validar_Campos_Checkout" name="selecionarProduto" time="4.365"/>
  <system-out/>
  <testcase classname="casosdetestes.CT003_2_Validar_Campos_Checkout" name="fazerChekout" time="10.908"/>
  <system-out/>
</testsuite> <!-- casosdetestes.CT003_2_Validar_Campos_Checkout -->
