<?xml version="1.0" encoding="UTF-8"?>
<!-- Generated by org.testng.reporters.JUnitReportReporter -->
<testsuite hostname="thundera" failures="0" tests="4" name="casosdetestes.CT002_Selecionar_Produto" time="13.419" errors="0" timestamp="2023-12-19T11:19:33 GMT-03:00" skipped="0">
  <testcase classname="casosdetestes.CT002_Selecionar_Produto" name="logar" time="3.974"/>
  <system-out/>
  <testcase classname="casosdetestes.CT002_Selecionar_Produto" name="coletarInformacao" time="2.088"/>
  <system-out/>
  <testcase classname="casosdetestes.CT002_Selecionar_Produto" name="selecionarProduto" time="5.211"/>
  <system-out/>
  <testcase classname="casosdetestes.CT002_Selecionar_Produto" name="deslogar" time="2.146"/>
  <system-out/>
</testsuite> <!-- casosdetestes.CT002_Selecionar_Produto -->
