<?xml version="1.0" encoding="UTF-8"?>
<!-- Generated by org.testng.reporters.JUnitReportReporter -->
<testsuite hostname="thundera" failures="0" tests="5" name="casosdetestes.CT_Fazer_Checkout" time="35.705" errors="0" timestamp="2023-12-19T06:41:26 GMT-03:00" skipped="0">
  <testcase classname="casosdetestes.CT_Fazer_Checkout" name="logar" time="7.096"/>
  <system-out/>
  <testcase classname="casosdetestes.CT_Fazer_Checkout" name="coletarInformacao" time="3.082"/>
  <system-out/>
  <testcase classname="casosdetestes.CT_Fazer_Checkout" name="selecionarProduto" time="6.235"/>
  <system-out/>
  <testcase classname="casosdetestes.CT_Fazer_Checkout" name="fazerChekout" time="16.119"/>
  <system-out/>
  <testcase classname="casosdetestes.CT_Fazer_Checkout" name="deslogar" time="3.173"/>
  <system-out/>
</testsuite> <!-- casosdetestes.CT_Fazer_Checkout -->
