<?xml version="1.0" encoding="UTF-8"?>
<!-- Generated by org.testng.reporters.JUnitReportReporter -->
<testsuite hostname="thundera" failures="0" tests="2" name="casosdetestes.CT002_1_Adicionar_Produtos_Carrinho" time="13.667" errors="0" timestamp="2023-12-25T16:38:37 GMT-03:00" skipped="0">
  <testcase classname="casosdetestes.CT002_1_Adicionar_Produtos_Carrinho" name="CT002_1_1_ValidarLogin_Usuario_Valido" time="6.236"/>
  <system-out/>
  <testcase classname="casosdetestes.CT002_1_Adicionar_Produtos_Carrinho" name="CT002_1_2_AdicionarProduto" time="7.431"/>
  <system-out/>
</testsuite> <!-- casosdetestes.CT002_1_Adicionar_Produtos_Carrinho -->
