<?xml version="1.0" encoding="UTF-8"?>
<!-- Generated by org.testng.reporters.JUnitReportReporter -->
<testsuite hostname="thundera" failures="0" tests="2" name="casosdetestes.CT001_Validar_Login_Usuario_Valido" time="8.000" errors="0" timestamp="2023-12-25T13:15:21 GMT-03:00" skipped="0">
  <testcase classname="casosdetestes.CT001_Validar_Login_Usuario_Valido" name="CT001_1_1_ValidarLOgin_Usuario_Valido" time="5.898"/>
  <system-out/>
  <testcase classname="casosdetestes.CT001_Validar_Login_Usuario_Valido" name="CT001_1_2_ColetarInformacao" time="2.102"/>
  <system-out/>
</testsuite> <!-- casosdetestes.CT001_Validar_Login_Usuario_Valido -->
