<?xml version="1.0" encoding="UTF-8"?>
<!-- Generated by org.testng.reporters.JUnitReportReporter -->
<testsuite hostname="thundera" failures="0" tests="2" name="casosdetestes.CT001_2_Validar_Login_Usuarios_Invalidos" time="6.630" errors="0" timestamp="2023-12-25T16:52:37 GMT-03:00" skipped="0">
  <testcase classname="casosdetestes.CT001_2_Validar_Login_Usuarios_Invalidos" name="CT001_2_1_LogarcomUsuariosInvalidos" time="3.413"/>
  <system-out/>
  <testcase classname="casosdetestes.CT001_2_Validar_Login_Usuarios_Invalidos" name="CT001_2_2_LogarcomUsuariosNulos" time="3.217"/>
  <system-out/>
</testsuite> <!-- casosdetestes.CT001_2_Validar_Login_Usuarios_Invalidos -->
