<?xml version="1.0" encoding="UTF-8"?>
<!-- Generated by org.testng.reporters.JUnitReportReporter -->
<testsuite hostname="thundera" failures="0" tests="5" name="casosdetestes.CT003_Fazer_Checkout" time="23.863" errors="0" timestamp="2023-12-19T11:18:36 GMT-03:00" skipped="0">
  <testcase classname="casosdetestes.CT003_Fazer_Checkout" name="logar" time="3.546"/>
  <system-out/>
  <testcase classname="casosdetestes.CT003_Fazer_Checkout" name="coletarInformacao" time="2.053"/>
  <system-out/>
  <testcase classname="casosdetestes.CT003_Fazer_Checkout" name="selecionarProduto" time="4.569"/>
  <system-out/>
  <testcase classname="casosdetestes.CT003_Fazer_Checkout" name="fazerChekout" time="11.541"/>
  <system-out/>
  <testcase classname="casosdetestes.CT003_Fazer_Checkout" name="deslogar" time="2.154"/>
  <system-out/>
</testsuite> <!-- casosdetestes.CT003_Fazer_Checkout -->
