<?xml version="1.0" encoding="UTF-8"?>
<!-- Generated by org.testng.reporters.JUnitReportReporter -->
<testsuite hostname="thundera" failures="0" tests="5" name="casosdetestes.CT004_1_Finalizar_Compra" time="32.321" errors="0" timestamp="2023-12-25T16:48:36 GMT-03:00" skipped="0">
  <testcase classname="casosdetestes.CT004_1_Finalizar_Compra" name="CT004_1_1_ValidarLogin_Usuario_Valido" time="7.943"/>
  <system-out/>
  <testcase classname="casosdetestes.CT004_1_Finalizar_Compra" name="CT004_1_2_ColetarInformacao" time="2.089"/>
  <system-out/>
  <testcase classname="casosdetestes.CT004_1_Finalizar_Compra" name="CT004_1_3_AdicionarProduto" time="6.393"/>
  <system-out/>
  <testcase classname="casosdetestes.CT004_1_Finalizar_Compra" name="CT004_1_4_FazerChekout" time="10.764"/>
  <system-out/>
  <testcase classname="casosdetestes.CT004_1_Finalizar_Compra" name="CT004_1_5_FinalizarCompra" time="5.132"/>
  <system-out/>
</testsuite> <!-- casosdetestes.CT004_1_Finalizar_Compra -->
