<?xml version="1.0" encoding="UTF-8"?>
<!-- Generated by org.testng.reporters.JUnitReportReporter -->
<testsuite hostname="thundera" failures="0" tests="3" name="casosdetestes.CT_Validar_Login" time="8.552" errors="0" timestamp="2023-12-19T06:47:31 GMT-03:00" skipped="0">
  <testcase classname="casosdetestes.CT_Validar_Login" name="logar" time="4.415"/>
  <system-out/>
  <testcase classname="casosdetestes.CT_Validar_Login" name="coletarInformacao" time="2.071"/>
  <system-out/>
  <testcase classname="casosdetestes.CT_Validar_Login" name="deslogar" time="2.066"/>
  <system-out/>
</testsuite> <!-- casosdetestes.CT_Validar_Login -->
