<?xml version="1.0" encoding="UTF-8"?>
<!-- Generated by org.testng.reporters.JUnitReportReporter -->
<testsuite hostname="thundera" failures="0" tests="2" name="casosdetestes.CT002_1_Adicionar_Produto_Carrinho" time="46.074" errors="0" timestamp="2023-12-25T13:53:36 GMT-03:00" skipped="0">
  <testcase classname="casosdetestes.CT002_1_Adicionar_Produto_Carrinho" name="CT002_1_1_ValidarLogin_Usuario_Valido" time="40.608"/>
  <system-out/>
  <testcase classname="casosdetestes.CT002_1_Adicionar_Produto_Carrinho" name="CT002_1_2_AdicionarProduto" time="5.466"/>
  <system-out/>
</testsuite> <!-- casosdetestes.CT002_1_Adicionar_Produto_Carrinho -->
