<?xml version="1.0" encoding="UTF-8"?>
<!-- Generated by org.testng.reporters.JUnitReportReporter -->
<testsuite hostname="thundera" failures="0" tests="3" name="casosdetestes.CT001_Validar_Login" time="9.868" errors="0" timestamp="2023-12-20T20:44:50 GMT-03:00" skipped="0">
  <testcase classname="casosdetestes.CT001_Validar_Login" name="logar" time="5.440"/>
  <system-out/>
  <testcase classname="casosdetestes.CT001_Validar_Login" name="coletarInformacao" time="2.090"/>
  <system-out/>
  <testcase classname="casosdetestes.CT001_Validar_Login" name="deslogar" time="2.338"/>
  <system-out/>
</testsuite> <!-- casosdetestes.CT001_Validar_Login -->
