<?xml version="1.0" encoding="UTF-8"?>
<!-- Generated by org.testng.reporters.JUnitReportReporter -->
<testsuite hostname="thundera" failures="0" tests="4" name="casosdetestes.CT004_2_Validar_Valor_Total_Compra" time="29.533" errors="0" timestamp="2023-12-25T16:33:47 GMT-03:00" skipped="0">
  <testcase classname="casosdetestes.CT004_2_Validar_Valor_Total_Compra" name="logar" time="8.177"/>
  <system-out/>
  <testcase classname="casosdetestes.CT004_2_Validar_Valor_Total_Compra" name="AdicionarProdutos" time="6.202"/>
  <system-out/>
  <testcase classname="casosdetestes.CT004_2_Validar_Valor_Total_Compra" name="fazerChekout" time="10.775"/>
  <system-out/>
  <testcase classname="casosdetestes.CT004_2_Validar_Valor_Total_Compra" name="finalizarCompra" time="4.379"/>
  <system-out/>
</testsuite> <!-- casosdetestes.CT004_2_Validar_Valor_Total_Compra -->
