<?xml version="1.0" encoding="UTF-8"?>
<!-- Generated by org.testng.reporters.JUnitReportReporter -->
<testsuite hostname="thundera" failures="0" tests="2" name="casosdetestes.CT001_1_Validar_Login_Usuario_Valido" time="13.454" errors="0" timestamp="2023-12-25T13:38:05 GMT-03:00" skipped="0">
  <testcase classname="casosdetestes.CT001_1_Validar_Login_Usuario_Valido" name="CT001_1_1_ValidarLOgin_Usuario_Valido" time="11.362"/>
  <system-out/>
  <testcase classname="casosdetestes.CT001_1_Validar_Login_Usuario_Valido" name="CT001_1_2_ColetarInformacao" time="2.092"/>
  <system-out/>
</testsuite> <!-- casosdetestes.CT001_1_Validar_Login_Usuario_Valido -->
